\BOOKMARK [0][-]{chapter.1}{\376\377\0001\000\040\000B\000u\000f\000f\000e\000r\000e\000d\000\040\000S\000e\000r\000i\000a\000l}{}% 1
\BOOKMARK [1][-]{section.1.1}{\376\377\0001\000.\0001\000\040\000F\000e\000a\000t\000u\000r\000e\000s\000:}{chapter.1}% 2
\BOOKMARK [1][-]{section.1.2}{\376\377\0001\000.\0002\000\040\000C\000o\000n\000s\000i\000d\000e\000r\000a\000t\000i\000o\000n\000s\000:}{chapter.1}% 3
\BOOKMARK [1][-]{section.1.3}{\376\377\0001\000.\0003\000\040\000G\000E\000T\000T\000I\000N\000G\000\040\000S\000T\000A\000R\000T\000E\000D}{chapter.1}% 4
\BOOKMARK [2][-]{subsection.1.3.1}{\376\377\0001\000.\0003\000.\0001\000\040\000U\000A\000R\000T\000\040\000E\000r\000r\000o\000r\000\040\000h\000a\000n\000d\000l\000i\000n\000g\000\040\000i\000n\000\040\000b\000u\000f\000f\000e\000r\000e\000d\000\137\000s\000e\000r\000i\000a\000l\000.\000c}{section.1.3}% 5
\BOOKMARK [2][-]{subsection.1.3.2}{\376\377\0001\000.\0003\000.\0002\000\040\000C\000o\000n\000f\000i\000g\000u\000r\000e\000\040\000I\000D\000L\000E\000\040\000i\000n\000t\000e\000r\000r\000u\000p\000t\000\040\000i\000n\000\040\000s\000t\000m\0003\0002\000f\0001\000x\000x\000\137\000i\000t\000.\000c}{section.1.3}% 6
\BOOKMARK [2][-]{subsection.1.3.3}{\376\377\0001\000.\0003\000.\0003\000\040\000I\000n\000i\000t\000i\000a\000l\000i\000z\000i\000n\000g\000\040\000l\000i\000b\000r\000a\000r\000y\000\040\000a\000n\000d\000\040\000g\000e\000t\000t\000i\000n\000g\000\040\000s\000e\000r\000i\000a\000l\000\040\000d\000e\000s\000c\000r\000i\000p\000t\000o\000r\000\040\000i\000n\000\040\000m\000a\000i\000n\000.\000c\000\040\000f\000i\000l\000e}{section.1.3}% 7
\BOOKMARK [2][-]{subsection.1.3.4}{\376\377\0001\000.\0003\000.\0004\000\040\000W\000r\000i\000t\000i\000n\000g\000\040\000a\000\040\000s\000t\000r\000i\000n\000g}{section.1.3}% 8
\BOOKMARK [2][-]{subsection.1.3.5}{\376\377\0001\000.\0003\000.\0005\000\040\000R\000e\000a\000d\000i\000n\000g\000\040\000a\000\040\000l\000i\000n\000e}{section.1.3}% 9
\BOOKMARK [2][-]{subsection.1.3.6}{\376\377\0001\000.\0003\000.\0006\000\040\000W\000r\000i\000t\000i\000n\000g\000\040\000a\000\040\000c\000h\000a\000r\000a\000c\000t\000e\000r}{section.1.3}% 10
\BOOKMARK [2][-]{subsection.1.3.7}{\376\377\0001\000.\0003\000.\0007\000\040\000<\000s\000t\000r\000o\000n\000g\000>\000C\000o\000n\000f\000i\000g\000u\000r\000e\000\040\000s\000e\000r\000i\000a\000l\000s\000\040\000q\000u\000a\000n\000t\000i\000t\000y\000\040\000a\000n\000d\000\040\000s\000i\000z\000e\000\040\000o\000f\000\040\000t\000h\000e\000\040\000b\000u\000f\000f\000e\000r\000s\000<\000/\000s\000t\000r\000o\000n\000g\000>}{section.1.3}% 11
\BOOKMARK [0][-]{chapter.2}{\376\377\0002\000\040\000M\000o\000d\000u\000l\000e\000\040\000I\000n\000d\000e\000x}{}% 12
\BOOKMARK [1][-]{section.2.1}{\376\377\0002\000.\0001\000\040\000M\000o\000d\000u\000l\000e\000s}{chapter.2}% 13
\BOOKMARK [0][-]{chapter.3}{\376\377\0003\000\040\000D\000a\000t\000a\000\040\000S\000t\000r\000u\000c\000t\000u\000r\000e\000\040\000I\000n\000d\000e\000x}{}% 14
\BOOKMARK [1][-]{section.3.1}{\376\377\0003\000.\0001\000\040\000D\000a\000t\000a\000\040\000S\000t\000r\000u\000c\000t\000u\000r\000e\000s}{chapter.3}% 15
\BOOKMARK [0][-]{chapter.4}{\376\377\0004\000\040\000F\000i\000l\000e\000\040\000I\000n\000d\000e\000x}{}% 16
\BOOKMARK [1][-]{section.4.1}{\376\377\0004\000.\0001\000\040\000F\000i\000l\000e\000\040\000L\000i\000s\000t}{chapter.4}% 17
\BOOKMARK [0][-]{chapter.5}{\376\377\0005\000\040\000M\000o\000d\000u\000l\000e\000\040\000D\000o\000c\000u\000m\000e\000n\000t\000a\000t\000i\000o\000n}{}% 18
\BOOKMARK [1][-]{section.5.1}{\376\377\0005\000.\0001\000\040\000S\000e\000r\000i\000a\000l\000\040\000b\000u\000f\000f\000e\000r\000s\000\040\000s\000i\000z\000e\000\040\000a\000n\000d\000\040\000q\000u\000a\000n\000t\000i\000t\000y}{chapter.5}% 19
\BOOKMARK [2][-]{subsection.5.1.1}{\376\377\0005\000.\0001\000.\0001\000\040\000D\000e\000t\000a\000i\000l\000e\000d\000\040\000D\000e\000s\000c\000r\000i\000p\000t\000i\000o\000n}{section.5.1}% 20
\BOOKMARK [1][-]{section.5.2}{\376\377\0005\000.\0002\000\040\000E\000r\000r\000o\000r\000\040\000h\000a\000n\000d\000l\000i\000n\000g}{chapter.5}% 21
\BOOKMARK [2][-]{subsection.5.2.1}{\376\377\0005\000.\0002\000.\0001\000\040\000D\000e\000t\000a\000i\000l\000e\000d\000\040\000D\000e\000s\000c\000r\000i\000p\000t\000i\000o\000n}{section.5.2}% 22
\BOOKMARK [2][-]{subsection.5.2.2}{\376\377\0005\000.\0002\000.\0002\000\040\000V\000a\000r\000i\000a\000b\000l\000e\000\040\000D\000o\000c\000u\000m\000e\000n\000t\000a\000t\000i\000o\000n}{section.5.2}% 23
\BOOKMARK [3][-]{subsubsection.5.2.2.1}{\376\377\0005\000.\0002\000.\0002\000.\0001\000\040\000b\000u\000f\000f\000e\000r\000e\000d\000\137\000s\000e\000r\000i\000a\000l\000\137\000e\000r\000r\000o\000r\000\137\000c\000o\000d\000e}{subsection.5.2.2}% 24
\BOOKMARK [1][-]{section.5.3}{\376\377\0005\000.\0003\000\040\000S\000e\000r\000i\000a\000l\000\040\000b\000u\000f\000f\000e\000r\000s}{chapter.5}% 25
\BOOKMARK [2][-]{subsection.5.3.1}{\376\377\0005\000.\0003\000.\0001\000\040\000D\000e\000t\000a\000i\000l\000e\000d\000\040\000D\000e\000s\000c\000r\000i\000p\000t\000i\000o\000n}{section.5.3}% 26
\BOOKMARK [0][-]{chapter.6}{\376\377\0006\000\040\000D\000a\000t\000a\000\040\000S\000t\000r\000u\000c\000t\000u\000r\000e\000\040\000D\000o\000c\000u\000m\000e\000n\000t\000a\000t\000i\000o\000n}{}% 27
\BOOKMARK [1][-]{section.6.1}{\376\377\0006\000.\0001\000\040\000b\000u\000f\000f\000e\000r\000e\000d\000\137\000s\000e\000r\000i\000a\000l\000\137\000s\000e\000r\000i\000a\000l\000\137\000d\000e\000s\000c\000r\000i\000p\000t\000o\000r\000\040\000S\000t\000r\000u\000c\000t\000\040\000R\000e\000f\000e\000r\000e\000n\000c\000e}{chapter.6}% 28
\BOOKMARK [2][-]{subsection.6.1.1}{\376\377\0006\000.\0001\000.\0001\000\040\000D\000e\000t\000a\000i\000l\000e\000d\000\040\000D\000e\000s\000c\000r\000i\000p\000t\000i\000o\000n}{section.6.1}% 29
\BOOKMARK [2][-]{subsection.6.1.2}{\376\377\0006\000.\0001\000.\0002\000\040\000F\000i\000e\000l\000d\000\040\000D\000o\000c\000u\000m\000e\000n\000t\000a\000t\000i\000o\000n}{section.6.1}% 30
\BOOKMARK [3][-]{subsubsection.6.1.2.1}{\376\377\0006\000.\0001\000.\0002\000.\0001\000\040\000r\000x\000\137\000b\000u\000f\000f\000e\000r\000\137\000d\000a\000t\000a\000\137\000f\000i\000n\000i\000s\000h}{subsection.6.1.2}% 31
\BOOKMARK [3][-]{subsubsection.6.1.2.2}{\376\377\0006\000.\0001\000.\0002\000.\0002\000\040\000r\000x\000\137\000b\000u\000f\000f\000e\000r\000\137\000d\000a\000t\000a\000\137\000s\000t\000a\000r\000t}{subsection.6.1.2}% 32
\BOOKMARK [0][-]{chapter.7}{\376\377\0007\000\040\000F\000i\000l\000e\000\040\000D\000o\000c\000u\000m\000e\000n\000t\000a\000t\000i\000o\000n}{}% 33
\BOOKMARK [1][-]{section.7.1}{\376\377\0007\000.\0001\000\040\000b\000u\000f\000f\000e\000r\000e\000d\000\137\000s\000e\000r\000i\000a\000l\000.\000c\000\040\000F\000i\000l\000e\000\040\000R\000e\000f\000e\000r\000e\000n\000c\000e}{chapter.7}% 34
\BOOKMARK [2][-]{subsection.7.1.1}{\376\377\0007\000.\0001\000.\0001\000\040\000D\000e\000t\000a\000i\000l\000e\000d\000\040\000D\000e\000s\000c\000r\000i\000p\000t\000i\000o\000n}{section.7.1}% 35
\BOOKMARK [2][-]{subsection.7.1.2}{\376\377\0007\000.\0001\000.\0002\000\040\000F\000u\000n\000c\000t\000i\000o\000n\000\040\000D\000o\000c\000u\000m\000e\000n\000t\000a\000t\000i\000o\000n}{section.7.1}% 36
\BOOKMARK [3][-]{subsubsection.7.1.2.1}{\376\377\0007\000.\0001\000.\0002\000.\0001\000\040\000b\000u\000f\000f\000e\000r\000e\000d\000\137\000s\000e\000r\000i\000a\000l\000\137\000a\000v\000a\000i\000l\000a\000b\000l\000e\000\050\000\051}{subsection.7.1.2}% 37
\BOOKMARK [3][-]{subsubsection.7.1.2.2}{\376\377\0007\000.\0001\000.\0002\000.\0002\000\040\000b\000u\000f\000f\000e\000r\000e\000d\000\137\000s\000e\000r\000i\000a\000l\000\137\000g\000e\000t\000\137\000h\000u\000a\000r\000t\000\137\000s\000e\000r\000i\000a\000l\000\137\000d\000e\000s\000c\000r\000i\000p\000t\000o\000r\000\050\000\051}{subsection.7.1.2}% 38
\BOOKMARK [3][-]{subsubsection.7.1.2.3}{\376\377\0007\000.\0001\000.\0002\000.\0003\000\040\000b\000u\000f\000f\000e\000r\000e\000d\000\137\000s\000e\000r\000i\000a\000l\000\137\000i\000n\000i\000t\000\050\000\051}{subsection.7.1.2}% 39
\BOOKMARK [3][-]{subsubsection.7.1.2.4}{\376\377\0007\000.\0001\000.\0002\000.\0004\000\040\000b\000u\000f\000f\000e\000r\000e\000d\000\137\000s\000e\000r\000i\000a\000l\000\137\000p\000r\000i\000n\000t\000\137\000c\000h\000a\000r\000a\000c\000t\000e\000r\000\050\000\051}{subsection.7.1.2}% 40
\BOOKMARK [3][-]{subsubsection.7.1.2.5}{\376\377\0007\000.\0001\000.\0002\000.\0005\000\040\000b\000u\000f\000f\000e\000r\000e\000d\000\137\000s\000e\000r\000i\000a\000l\000\137\000p\000r\000i\000n\000t\000\137\000s\000t\000r\000i\000n\000g\000\050\000\051}{subsection.7.1.2}% 41
\BOOKMARK [3][-]{subsubsection.7.1.2.6}{\376\377\0007\000.\0001\000.\0002\000.\0006\000\040\000b\000u\000f\000f\000e\000r\000e\000d\000\137\000s\000e\000r\000i\000a\000l\000\137\000r\000e\000a\000d\000\137\000l\000i\000n\000e\000\050\000\051}{subsection.7.1.2}% 42
\BOOKMARK [3][-]{subsubsection.7.1.2.7}{\376\377\0007\000.\0001\000.\0002\000.\0007\000\040\000b\000u\000f\000f\000e\000r\000e\000d\000\137\000s\000e\000r\000i\000a\000l\000\137\000u\000p\000d\000a\000t\000e\000\137\000r\000x\000\137\000b\000u\000f\000f\000e\000r\000\137\000d\000a\000t\000a\000\050\000\051}{subsection.7.1.2}% 43
\BOOKMARK [1][-]{section.7.2}{\376\377\0007\000.\0002\000\040\000b\000u\000f\000f\000e\000r\000e\000d\000\137\000s\000e\000r\000i\000a\000l\000.\000h\000\040\000F\000i\000l\000e\000\040\000R\000e\000f\000e\000r\000e\000n\000c\000e}{chapter.7}% 44
\BOOKMARK [2][-]{subsection.7.2.1}{\376\377\0007\000.\0002\000.\0001\000\040\000D\000e\000t\000a\000i\000l\000e\000d\000\040\000D\000e\000s\000c\000r\000i\000p\000t\000i\000o\000n}{section.7.2}% 45
\BOOKMARK [2][-]{subsection.7.2.2}{\376\377\0007\000.\0002\000.\0002\000\040\000F\000u\000n\000c\000t\000i\000o\000n\000\040\000D\000o\000c\000u\000m\000e\000n\000t\000a\000t\000i\000o\000n}{section.7.2}% 46
\BOOKMARK [3][-]{subsubsection.7.2.2.1}{\376\377\0007\000.\0002\000.\0002\000.\0001\000\040\000b\000u\000f\000f\000e\000r\000e\000d\000\137\000s\000e\000r\000i\000a\000l\000\137\000a\000v\000a\000i\000l\000a\000b\000l\000e\000\050\000\051}{subsection.7.2.2}% 47
\BOOKMARK [3][-]{subsubsection.7.2.2.2}{\376\377\0007\000.\0002\000.\0002\000.\0002\000\040\000b\000u\000f\000f\000e\000r\000e\000d\000\137\000s\000e\000r\000i\000a\000l\000\137\000g\000e\000t\000\137\000h\000u\000a\000r\000t\000\137\000s\000e\000r\000i\000a\000l\000\137\000d\000e\000s\000c\000r\000i\000p\000t\000o\000r\000\050\000\051}{subsection.7.2.2}% 48
\BOOKMARK [3][-]{subsubsection.7.2.2.3}{\376\377\0007\000.\0002\000.\0002\000.\0003\000\040\000b\000u\000f\000f\000e\000r\000e\000d\000\137\000s\000e\000r\000i\000a\000l\000\137\000i\000n\000i\000t\000\050\000\051}{subsection.7.2.2}% 49
\BOOKMARK [3][-]{subsubsection.7.2.2.4}{\376\377\0007\000.\0002\000.\0002\000.\0004\000\040\000b\000u\000f\000f\000e\000r\000e\000d\000\137\000s\000e\000r\000i\000a\000l\000\137\000p\000r\000i\000n\000t\000\137\000c\000h\000a\000r\000a\000c\000t\000e\000r\000\050\000\051}{subsection.7.2.2}% 50
\BOOKMARK [3][-]{subsubsection.7.2.2.5}{\376\377\0007\000.\0002\000.\0002\000.\0005\000\040\000b\000u\000f\000f\000e\000r\000e\000d\000\137\000s\000e\000r\000i\000a\000l\000\137\000p\000r\000i\000n\000t\000\137\000s\000t\000r\000i\000n\000g\000\050\000\051}{subsection.7.2.2}% 51
\BOOKMARK [3][-]{subsubsection.7.2.2.6}{\376\377\0007\000.\0002\000.\0002\000.\0006\000\040\000b\000u\000f\000f\000e\000r\000e\000d\000\137\000s\000e\000r\000i\000a\000l\000\137\000r\000e\000a\000d\000\137\000l\000i\000n\000e\000\050\000\051}{subsection.7.2.2}% 52
\BOOKMARK [3][-]{subsubsection.7.2.2.7}{\376\377\0007\000.\0002\000.\0002\000.\0007\000\040\000b\000u\000f\000f\000e\000r\000e\000d\000\137\000s\000e\000r\000i\000a\000l\000\137\000u\000p\000d\000a\000t\000e\000\137\000r\000x\000\137\000b\000u\000f\000f\000e\000r\000\137\000d\000a\000t\000a\000\050\000\051}{subsection.7.2.2}% 53
\BOOKMARK [0][-]{section*.12}{\376\377\000I\000n\000d\000e\000x}{}% 54
